{"C:\\Users\\Owner\\Desktop\\Software-Project-S22\\src\\unittest.js": {"path":"C:\\Users\\Owner\\Desktop\\Software-Project-S22\\src\\unittest.js","statementMap":{"0":{"start":{"line":1,"column":14},"end":{"line":1,"column":32}},"1":{"start":{"line":2,"column":0},"end":{"line":2,"column":24}},"2":{"start":{"line":5,"column":18},"end":{"line":5,"column":43}},"3":{"start":{"line":7,"column":10},"end":{"line":7,"column":19}},"4":{"start":{"line":8,"column":11},"end":{"line":8,"column":27}},"5":{"start":{"line":9,"column":0},"end":{"line":9,"column":23}},"6":{"start":{"line":10,"column":0},"end":{"line":10,"column":23}},"7":{"start":{"line":11,"column":0},"end":{"line":11,"column":18}}},"fnMap":{},"branchMap":{},"s":{"0":2,"1":2,"2":2,"3":2,"4":2,"5":2,"6":2,"7":2},"f":{},"b":{},"_coverageSchema":"1a1c01bbd47fc00a2c39e90264f33305004495a9","hash":"f62821d1c5f47d44227aa4a301bb9de8c4312aed"}
,"C:\\Users\\Owner\\Desktop\\Software-Project-S22\\src\\db\\mongoose.js": {"path":"C:\\Users\\Owner\\Desktop\\Software-Project-S22\\src\\db\\mongoose.js","statementMap":{"0":{"start":{"line":1,"column":19},"end":{"line":1,"column":50}},"1":{"start":{"line":3,"column":0},"end":{"line":3,"column":18}},"2":{"start":{"line":4,"column":16},"end":{"line":4,"column":35}},"3":{"start":{"line":5,"column":0},"end":{"line":7,"column":2}}},"fnMap":{},"branchMap":{},"s":{"0":2,"1":2,"2":2,"3":2},"f":{},"b":{},"_coverageSchema":"1a1c01bbd47fc00a2c39e90264f33305004495a9","hash":"463e42dd46362c95b662f5d001c9f7a9c4808f0b"}
,"C:\\Users\\Owner\\Desktop\\Software-Project-S22\\src\\midlware\\auth.js": {"path":"C:\\Users\\Owner\\Desktop\\Software-Project-S22\\src\\midlware\\auth.js","statementMap":{"0":{"start":{"line":1,"column":10},"end":{"line":1,"column":33}},"1":{"start":{"line":2,"column":12},"end":{"line":2,"column":38}},"2":{"start":{"line":5,"column":12},"end":{"line":21,"column":1}},"3":{"start":{"line":6,"column":0},"end":{"line":20,"column":1}},"4":{"start":{"line":8,"column":17},"end":{"line":8,"column":66}},"5":{"start":{"line":9,"column":19},"end":{"line":9,"column":55}},"6":{"start":{"line":10,"column":15},"end":{"line":10,"column":75}},"7":{"start":{"line":11,"column":4},"end":{"line":13,"column":5}},"8":{"start":{"line":12,"column":8},"end":{"line":12,"column":25}},"9":{"start":{"line":14,"column":4},"end":{"line":14,"column":19}},"10":{"start":{"line":15,"column":4},"end":{"line":15,"column":17}},"11":{"start":{"line":16,"column":4},"end":{"line":16,"column":10}},"12":{"start":{"line":18,"column":4},"end":{"line":18,"column":57}},"13":{"start":{"line":22,"column":0},"end":{"line":22,"column":19}}},"fnMap":{"0":{"name":"(anonymous_0)","decl":{"start":{"line":5,"column":12},"end":{"line":5,"column":13}},"loc":{"start":{"line":5,"column":33},"end":{"line":21,"column":1}},"line":5}},"branchMap":{"0":{"loc":{"start":{"line":11,"column":4},"end":{"line":13,"column":5}},"type":"if","locations":[{"start":{"line":11,"column":4},"end":{"line":13,"column":5}},{"start":{},"end":{}}],"line":11}},"s":{"0":2,"1":2,"2":2,"3":2,"4":2,"5":2,"6":2,"7":2,"8":0,"9":2,"10":2,"11":2,"12":0,"13":2},"f":{"0":2},"b":{"0":[0,2]},"_coverageSchema":"1a1c01bbd47fc00a2c39e90264f33305004495a9","hash":"58f481bbb826da29beb94fcad7fe6f7fb79f9946"}
,"C:\\Users\\Owner\\Desktop\\Software-Project-S22\\src\\models\\token.js": {"path":"C:\\Users\\Owner\\Desktop\\Software-Project-S22\\src\\models\\token.js","statementMap":{"0":{"start":{"line":1,"column":16},"end":{"line":1,"column":35}},"1":{"start":{"line":3,"column":22},"end":{"line":17,"column":3}},"2":{"start":{"line":19,"column":20},"end":{"line":19,"column":56}},"3":{"start":{"line":21,"column":6},"end":{"line":21,"column":28}}},"fnMap":{},"branchMap":{},"s":{"0":2,"1":2,"2":2,"3":2},"f":{},"b":{},"_coverageSchema":"1a1c01bbd47fc00a2c39e90264f33305004495a9","hash":"83dab446922a73c8e8e524d7e4f04647788646de"}
,"C:\\Users\\Owner\\Desktop\\Software-Project-S22\\src\\models\\users.js": {"path":"C:\\Users\\Owner\\Desktop\\Software-Project-S22\\src\\models\\users.js","statementMap":{"0":{"start":{"line":1,"column":17},"end":{"line":1,"column":36}},"1":{"start":{"line":2,"column":18},"end":{"line":2,"column":38}},"2":{"start":{"line":3,"column":15},"end":{"line":3,"column":34}},"3":{"start":{"line":4,"column":10},"end":{"line":4,"column":33}},"4":{"start":{"line":5,"column":14},"end":{"line":5,"column":32}},"5":{"start":{"line":6,"column":19},"end":{"line":6,"column":50}},"6":{"start":{"line":7,"column":19},"end":{"line":109,"column":2}},"7":{"start":{"line":13,"column":6},"end":{"line":15,"column":7}},"8":{"start":{"line":14,"column":8},"end":{"line":14,"column":58}},"9":{"start":{"line":16,"column":6},"end":{"line":18,"column":7}},"10":{"start":{"line":17,"column":8},"end":{"line":17,"column":57}},"11":{"start":{"line":55,"column":6},"end":{"line":57,"column":7}},"12":{"start":{"line":56,"column":8},"end":{"line":56,"column":43}},"13":{"start":{"line":111,"column":0},"end":{"line":115,"column":2}},"14":{"start":{"line":116,"column":0},"end":{"line":120,"column":2}},"15":{"start":{"line":121,"column":0},"end":{"line":131,"column":1}},"16":{"start":{"line":122,"column":15},"end":{"line":122,"column":42}},"17":{"start":{"line":123,"column":4},"end":{"line":125,"column":5}},"18":{"start":{"line":124,"column":8},"end":{"line":124,"column":42}},"19":{"start":{"line":126,"column":18},"end":{"line":126,"column":62}},"20":{"start":{"line":127,"column":4},"end":{"line":129,"column":5}},"21":{"start":{"line":128,"column":8},"end":{"line":128,"column":42}},"22":{"start":{"line":130,"column":4},"end":{"line":130,"column":15}},"23":{"start":{"line":134,"column":0},"end":{"line":142,"column":1}},"24":{"start":{"line":135,"column":15},"end":{"line":135,"column":19}},"25":{"start":{"line":136,"column":19},"end":{"line":136,"column":34}},"26":{"start":{"line":137,"column":2},"end":{"line":137,"column":28}},"27":{"start":{"line":138,"column":2},"end":{"line":138,"column":26}},"28":{"start":{"line":140,"column":2},"end":{"line":140,"column":19}},"29":{"start":{"line":144,"column":0},"end":{"line":151,"column":1}},"30":{"start":{"line":145,"column":17},"end":{"line":145,"column":21}},"31":{"start":{"line":146,"column":16},"end":{"line":146,"column":70}},"32":{"start":{"line":147,"column":24},"end":{"line":147,"column":64}},"33":{"start":{"line":148,"column":4},"end":{"line":148,"column":28}},"34":{"start":{"line":149,"column":4},"end":{"line":149,"column":16}},"35":{"start":{"line":153,"column":0},"end":{"line":158,"column":3}},"36":{"start":{"line":154,"column":15},"end":{"line":154,"column":19}},"37":{"start":{"line":155,"column":2},"end":{"line":157,"column":3}},"38":{"start":{"line":156,"column":4},"end":{"line":156,"column":56}},"39":{"start":{"line":162,"column":13},"end":{"line":162,"column":47}},"40":{"start":{"line":164,"column":0},"end":{"line":164,"column":21}}},"fnMap":{"0":{"name":"(anonymous_0)","decl":{"start":{"line":12,"column":4},"end":{"line":12,"column":5}},"loc":{"start":{"line":12,"column":20},"end":{"line":19,"column":5}},"line":12},"1":{"name":"(anonymous_1)","decl":{"start":{"line":54,"column":4},"end":{"line":54,"column":5}},"loc":{"start":{"line":54,"column":20},"end":{"line":58,"column":5}},"line":54},"2":{"name":"(anonymous_2)","decl":{"start":{"line":121,"column":36},"end":{"line":121,"column":37}},"loc":{"start":{"line":121,"column":59},"end":{"line":131,"column":1}},"line":121},"3":{"name":"(anonymous_3)","decl":{"start":{"line":134,"column":26},"end":{"line":134,"column":27}},"loc":{"start":{"line":134,"column":36},"end":{"line":142,"column":1}},"line":134},"4":{"name":"(anonymous_4)","decl":{"start":{"line":144,"column":37},"end":{"line":144,"column":38}},"loc":{"start":{"line":144,"column":53},"end":{"line":151,"column":1}},"line":144},"5":{"name":"(anonymous_5)","decl":{"start":{"line":153,"column":23},"end":{"line":153,"column":24}},"loc":{"start":{"line":153,"column":45},"end":{"line":158,"column":1}},"line":153}},"branchMap":{"0":{"loc":{"start":{"line":13,"column":6},"end":{"line":15,"column":7}},"type":"if","locations":[{"start":{"line":13,"column":6},"end":{"line":15,"column":7}},{"start":{},"end":{}}],"line":13},"1":{"loc":{"start":{"line":16,"column":6},"end":{"line":18,"column":7}},"type":"if","locations":[{"start":{"line":16,"column":6},"end":{"line":18,"column":7}},{"start":{},"end":{}}],"line":16},"2":{"loc":{"start":{"line":55,"column":6},"end":{"line":57,"column":7}},"type":"if","locations":[{"start":{"line":55,"column":6},"end":{"line":57,"column":7}},{"start":{},"end":{}}],"line":55},"3":{"loc":{"start":{"line":123,"column":4},"end":{"line":125,"column":5}},"type":"if","locations":[{"start":{"line":123,"column":4},"end":{"line":125,"column":5}},{"start":{},"end":{}}],"line":123},"4":{"loc":{"start":{"line":127,"column":4},"end":{"line":129,"column":5}},"type":"if","locations":[{"start":{"line":127,"column":4},"end":{"line":129,"column":5}},{"start":{},"end":{}}],"line":127},"5":{"loc":{"start":{"line":155,"column":2},"end":{"line":157,"column":3}},"type":"if","locations":[{"start":{"line":155,"column":2},"end":{"line":157,"column":3}},{"start":{},"end":{}}],"line":155}},"s":{"0":2,"1":2,"2":2,"3":2,"4":2,"5":2,"6":2,"7":12,"8":0,"9":12,"10":0,"11":12,"12":1,"13":2,"14":2,"15":2,"16":2,"17":2,"18":0,"19":2,"20":2,"21":1,"22":1,"23":2,"24":2,"25":2,"26":2,"27":2,"28":2,"29":2,"30":4,"31":4,"32":4,"33":4,"34":4,"35":2,"36":7,"37":7,"38":7,"39":2,"40":2},"f":{"0":12,"1":12,"2":2,"3":2,"4":4,"5":7},"b":{"0":[0,12],"1":[0,12],"2":[1,11],"3":[0,2],"4":[1,1],"5":[7,0]},"_coverageSchema":"1a1c01bbd47fc00a2c39e90264f33305004495a9","hash":"6475a7a0cbcb274aaee1f03e618b4f44337642d8"}
,"C:\\Users\\Owner\\Desktop\\Software-Project-S22\\src\\routers\\auth.js": {"path":"C:\\Users\\Owner\\Desktop\\Software-Project-S22\\src\\routers\\auth.js","statementMap":{"0":{"start":{"line":1,"column":16},"end":{"line":1,"column":34}},"1":{"start":{"line":2,"column":13},"end":{"line":2,"column":40}},"2":{"start":{"line":3,"column":13},"end":{"line":3,"column":39}},"3":{"start":{"line":4,"column":14},"end":{"line":4,"column":40}},"4":{"start":{"line":5,"column":15},"end":{"line":5,"column":35}},"5":{"start":{"line":6,"column":23},"end":{"line":6,"column":49}},"6":{"start":{"line":8,"column":0},"end":{"line":17,"column":5}},"7":{"start":{"line":9,"column":17},"end":{"line":9,"column":35}},"8":{"start":{"line":10,"column":4},"end":{"line":16,"column":5}},"9":{"start":{"line":11,"column":6},"end":{"line":11,"column":24}},"10":{"start":{"line":12,"column":20},"end":{"line":12,"column":50}},"11":{"start":{"line":13,"column":6},"end":{"line":13,"column":30}},"12":{"start":{"line":15,"column":6},"end":{"line":15,"column":38}},"13":{"start":{"line":19,"column":2},"end":{"line":30,"column":5}},"14":{"start":{"line":20,"column":4},"end":{"line":29,"column":5}},"15":{"start":{"line":21,"column":19},"end":{"line":24,"column":7}},"16":{"start":{"line":25,"column":20},"end":{"line":25,"column":50}},"17":{"start":{"line":26,"column":6},"end":{"line":26,"column":32}},"18":{"start":{"line":28,"column":6},"end":{"line":28,"column":36}},"19":{"start":{"line":33,"column":2},"end":{"line":44,"column":4}},"20":{"start":{"line":34,"column":6},"end":{"line":43,"column":7}},"21":{"start":{"line":35,"column":23},"end":{"line":35,"column":67}},"22":{"start":{"line":36,"column":8},"end":{"line":36,"column":43}},"23":{"start":{"line":38,"column":6},"end":{"line":38,"column":36}},"24":{"start":{"line":42,"column":6},"end":{"line":42,"column":36}},"25":{"start":{"line":46,"column":2},"end":{"line":59,"column":4}},"26":{"start":{"line":47,"column":6},"end":{"line":58,"column":5}},"27":{"start":{"line":48,"column":23},"end":{"line":50,"column":8}},"28":{"start":{"line":51,"column":8},"end":{"line":51,"column":68}},"29":{"start":{"line":53,"column":6},"end":{"line":53,"column":36}},"30":{"start":{"line":57,"column":6},"end":{"line":57,"column":36}},"31":{"start":{"line":68,"column":2},"end":{"line":68,"column":25}}},"fnMap":{"0":{"name":"(anonymous_0)","decl":{"start":{"line":8,"column":23},"end":{"line":8,"column":24}},"loc":{"start":{"line":8,"column":43},"end":{"line":17,"column":3}},"line":8},"1":{"name":"(anonymous_1)","decl":{"start":{"line":19,"column":24},"end":{"line":19,"column":25}},"loc":{"start":{"line":19,"column":44},"end":{"line":30,"column":3}},"line":19},"2":{"name":"(anonymous_2)","decl":{"start":{"line":33,"column":34},"end":{"line":33,"column":35}},"loc":{"start":{"line":33,"column":54},"end":{"line":44,"column":3}},"line":33},"3":{"name":"(anonymous_3)","decl":{"start":{"line":46,"column":37},"end":{"line":46,"column":38}},"loc":{"start":{"line":46,"column":57},"end":{"line":59,"column":3}},"line":46}},"branchMap":{},"s":{"0":2,"1":2,"2":2,"3":2,"4":2,"5":2,"6":2,"7":8,"8":8,"9":8,"10":1,"11":1,"12":7,"13":2,"14":2,"15":2,"16":1,"17":1,"18":1,"19":2,"20":1,"21":1,"22":1,"23":1,"24":0,"25":2,"26":1,"27":1,"28":1,"29":1,"30":0,"31":2},"f":{"0":8,"1":2,"2":1,"3":1},"b":{},"_coverageSchema":"1a1c01bbd47fc00a2c39e90264f33305004495a9","hash":"0576349ac2a0e14e8f28e643ae988f2200668312"}
}
