{"C:\\Users\\Owner\\Desktop\\Software-Project-S22\\src\\unittest.js": {"path":"C:\\Users\\Owner\\Desktop\\Software-Project-S22\\src\\unittest.js","statementMap":{"0":{"start":{"line":1,"column":14},"end":{"line":1,"column":32}},"1":{"start":{"line":2,"column":0},"end":{"line":2,"column":24}},"2":{"start":{"line":5,"column":18},"end":{"line":5,"column":43}},"3":{"start":{"line":7,"column":10},"end":{"line":7,"column":19}},"4":{"start":{"line":8,"column":11},"end":{"line":8,"column":27}},"5":{"start":{"line":9,"column":0},"end":{"line":9,"column":23}},"6":{"start":{"line":10,"column":0},"end":{"line":10,"column":23}},"7":{"start":{"line":11,"column":0},"end":{"line":11,"column":18}}},"fnMap":{},"branchMap":{},"s":{"0":2,"1":2,"2":2,"3":2,"4":2,"5":2,"6":2,"7":2},"f":{},"b":{},"_coverageSchema":"1a1c01bbd47fc00a2c39e90264f33305004495a9","hash":"f62821d1c5f47d44227aa4a301bb9de8c4312aed"}
,"C:\\Users\\Owner\\Desktop\\Software-Project-S22\\src\\db\\mongoose.js": {"path":"C:\\Users\\Owner\\Desktop\\Software-Project-S22\\src\\db\\mongoose.js","statementMap":{"0":{"start":{"line":1,"column":19},"end":{"line":1,"column":50}},"1":{"start":{"line":3,"column":0},"end":{"line":3,"column":18}},"2":{"start":{"line":4,"column":16},"end":{"line":4,"column":35}},"3":{"start":{"line":5,"column":0},"end":{"line":7,"column":2}}},"fnMap":{},"branchMap":{},"s":{"0":2,"1":2,"2":2,"3":2},"f":{},"b":{},"_coverageSchema":"1a1c01bbd47fc00a2c39e90264f33305004495a9","hash":"463e42dd46362c95b662f5d001c9f7a9c4808f0b"}
,"C:\\Users\\Owner\\Desktop\\Software-Project-S22\\src\\midlware\\auth.js": {"path":"C:\\Users\\Owner\\Desktop\\Software-Project-S22\\src\\midlware\\auth.js","statementMap":{"0":{"start":{"line":1,"column":10},"end":{"line":1,"column":33}},"1":{"start":{"line":2,"column":12},"end":{"line":2,"column":38}},"2":{"start":{"line":5,"column":12},"end":{"line":21,"column":1}},"3":{"start":{"line":6,"column":0},"end":{"line":20,"column":1}},"4":{"start":{"line":8,"column":17},"end":{"line":8,"column":66}},"5":{"start":{"line":9,"column":19},"end":{"line":9,"column":55}},"6":{"start":{"line":10,"column":15},"end":{"line":10,"column":75}},"7":{"start":{"line":11,"column":4},"end":{"line":13,"column":5}},"8":{"start":{"line":12,"column":8},"end":{"line":12,"column":25}},"9":{"start":{"line":14,"column":4},"end":{"line":14,"column":19}},"10":{"start":{"line":15,"column":4},"end":{"line":15,"column":17}},"11":{"start":{"line":16,"column":4},"end":{"line":16,"column":10}},"12":{"start":{"line":18,"column":4},"end":{"line":18,"column":57}},"13":{"start":{"line":22,"column":0},"end":{"line":22,"column":19}}},"fnMap":{"0":{"name":"(anonymous_0)","decl":{"start":{"line":5,"column":12},"end":{"line":5,"column":13}},"loc":{"start":{"line":5,"column":33},"end":{"line":21,"column":1}},"line":5}},"branchMap":{"0":{"loc":{"start":{"line":11,"column":4},"end":{"line":13,"column":5}},"type":"if","locations":[{"start":{"line":11,"column":4},"end":{"line":13,"column":5}},{"start":{},"end":{}}],"line":11}},"s":{"0":2,"1":2,"2":2,"3":2,"4":2,"5":2,"6":2,"7":2,"8":0,"9":2,"10":2,"11":2,"12":0,"13":2},"f":{"0":2},"b":{"0":[0,2]},"_coverageSchema":"1a1c01bbd47fc00a2c39e90264f33305004495a9","hash":"58f481bbb826da29beb94fcad7fe6f7fb79f9946"}
,"C:\\Users\\Owner\\Desktop\\Software-Project-S22\\src\\models\\token.js": {"path":"C:\\Users\\Owner\\Desktop\\Software-Project-S22\\src\\models\\token.js","statementMap":{"0":{"start":{"line":1,"column":16},"end":{"line":1,"column":35}},"1":{"start":{"line":3,"column":22},"end":{"line":17,"column":3}},"2":{"start":{"line":19,"column":20},"end":{"line":19,"column":56}},"3":{"start":{"line":21,"column":6},"end":{"line":21,"column":28}}},"fnMap":{},"branchMap":{},"s":{"0":2,"1":2,"2":2,"3":2},"f":{},"b":{},"_coverageSchema":"1a1c01bbd47fc00a2c39e90264f33305004495a9","hash":"83dab446922a73c8e8e524d7e4f04647788646de"}
,"C:\\Users\\Owner\\Desktop\\Software-Project-S22\\src\\models\\users.js": {"path":"C:\\Users\\Owner\\Desktop\\Software-Project-S22\\src\\models\\users.js","statementMap":{"0":{"start":{"line":1,"column":17},"end":{"line":1,"column":36}},"1":{"start":{"line":2,"column":18},"end":{"line":2,"column":38}},"2":{"start":{"line":3,"column":15},"end":{"line":3,"column":34}},"3":{"start":{"line":4,"column":10},"end":{"line":4,"column":33}},"4":{"start":{"line":5,"column":14},"end":{"line":5,"column":32}},"5":{"start":{"line":6,"column":19},"end":{"line":6,"column":50}},"6":{"start":{"line":7,"column":19},"end":{"line":109,"column":2}},"7":{"start":{"line":13,"column":6},"end":{"line":15,"column":7}},"8":{"start":{"line":14,"column":8},"end":{"line":14,"column":58}},"9":{"start":{"line":16,"column":6},"end":{"line":18,"column":7}},"10":{"start":{"line":17,"column":8},"end":{"line":17,"column":57}},"11":{"start":{"line":55,"column":6},"end":{"line":57,"column":7}},"12":{"start":{"line":56,"column":8},"end":{"line":56,"column":43}},"13":{"start":{"line":111,"column":0},"end":{"line":115,"column":2}},"14":{"start":{"line":116,"column":0},"end":{"line":120,"column":2}},"15":{"start":{"line":121,"column":0},"end":{"line":133,"column":1}},"16":{"start":{"line":122,"column":13},"end":{"line":122,"column":57}},"17":{"start":{"line":123,"column":4},"end":{"line":127,"column":5}},"18":{"start":{"line":124,"column":6},"end":{"line":124,"column":59}},"19":{"start":{"line":125,"column":6},"end":{"line":126,"column":42}},"20":{"start":{"line":126,"column":8},"end":{"line":126,"column":42}},"21":{"start":{"line":128,"column":18},"end":{"line":128,"column":62}},"22":{"start":{"line":129,"column":4},"end":{"line":131,"column":5}},"23":{"start":{"line":130,"column":8},"end":{"line":130,"column":42}},"24":{"start":{"line":132,"column":4},"end":{"line":132,"column":15}},"25":{"start":{"line":136,"column":0},"end":{"line":144,"column":1}},"26":{"start":{"line":137,"column":15},"end":{"line":137,"column":19}},"27":{"start":{"line":138,"column":19},"end":{"line":138,"column":34}},"28":{"start":{"line":139,"column":2},"end":{"line":139,"column":28}},"29":{"start":{"line":140,"column":2},"end":{"line":140,"column":26}},"30":{"start":{"line":142,"column":2},"end":{"line":142,"column":19}},"31":{"start":{"line":146,"column":0},"end":{"line":153,"column":1}},"32":{"start":{"line":147,"column":17},"end":{"line":147,"column":21}},"33":{"start":{"line":148,"column":16},"end":{"line":148,"column":70}},"34":{"start":{"line":149,"column":24},"end":{"line":149,"column":64}},"35":{"start":{"line":150,"column":4},"end":{"line":150,"column":28}},"36":{"start":{"line":151,"column":4},"end":{"line":151,"column":16}},"37":{"start":{"line":155,"column":0},"end":{"line":160,"column":3}},"38":{"start":{"line":156,"column":15},"end":{"line":156,"column":19}},"39":{"start":{"line":157,"column":2},"end":{"line":159,"column":3}},"40":{"start":{"line":158,"column":4},"end":{"line":158,"column":56}},"41":{"start":{"line":164,"column":13},"end":{"line":164,"column":47}},"42":{"start":{"line":166,"column":0},"end":{"line":166,"column":21}}},"fnMap":{"0":{"name":"(anonymous_0)","decl":{"start":{"line":12,"column":4},"end":{"line":12,"column":5}},"loc":{"start":{"line":12,"column":20},"end":{"line":19,"column":5}},"line":12},"1":{"name":"(anonymous_1)","decl":{"start":{"line":54,"column":4},"end":{"line":54,"column":5}},"loc":{"start":{"line":54,"column":20},"end":{"line":58,"column":5}},"line":54},"2":{"name":"(anonymous_2)","decl":{"start":{"line":121,"column":37},"end":{"line":121,"column":38}},"loc":{"start":{"line":121,"column":70},"end":{"line":133,"column":1}},"line":121},"3":{"name":"(anonymous_3)","decl":{"start":{"line":136,"column":26},"end":{"line":136,"column":27}},"loc":{"start":{"line":136,"column":36},"end":{"line":144,"column":1}},"line":136},"4":{"name":"(anonymous_4)","decl":{"start":{"line":146,"column":37},"end":{"line":146,"column":38}},"loc":{"start":{"line":146,"column":53},"end":{"line":153,"column":1}},"line":146},"5":{"name":"(anonymous_5)","decl":{"start":{"line":155,"column":23},"end":{"line":155,"column":24}},"loc":{"start":{"line":155,"column":45},"end":{"line":160,"column":1}},"line":155}},"branchMap":{"0":{"loc":{"start":{"line":13,"column":6},"end":{"line":15,"column":7}},"type":"if","locations":[{"start":{"line":13,"column":6},"end":{"line":15,"column":7}},{"start":{},"end":{}}],"line":13},"1":{"loc":{"start":{"line":16,"column":6},"end":{"line":18,"column":7}},"type":"if","locations":[{"start":{"line":16,"column":6},"end":{"line":18,"column":7}},{"start":{},"end":{}}],"line":16},"2":{"loc":{"start":{"line":55,"column":6},"end":{"line":57,"column":7}},"type":"if","locations":[{"start":{"line":55,"column":6},"end":{"line":57,"column":7}},{"start":{},"end":{}}],"line":55},"3":{"loc":{"start":{"line":123,"column":4},"end":{"line":127,"column":5}},"type":"if","locations":[{"start":{"line":123,"column":4},"end":{"line":127,"column":5}},{"start":{},"end":{}}],"line":123},"4":{"loc":{"start":{"line":125,"column":6},"end":{"line":126,"column":42}},"type":"if","locations":[{"start":{"line":125,"column":6},"end":{"line":126,"column":42}},{"start":{},"end":{}}],"line":125},"5":{"loc":{"start":{"line":129,"column":4},"end":{"line":131,"column":5}},"type":"if","locations":[{"start":{"line":129,"column":4},"end":{"line":131,"column":5}},{"start":{},"end":{}}],"line":129},"6":{"loc":{"start":{"line":157,"column":2},"end":{"line":159,"column":3}},"type":"if","locations":[{"start":{"line":157,"column":2},"end":{"line":159,"column":3}},{"start":{},"end":{}}],"line":157}},"s":{"0":2,"1":2,"2":2,"3":2,"4":2,"5":2,"6":2,"7":13,"8":0,"9":13,"10":0,"11":13,"12":1,"13":2,"14":2,"15":2,"16":3,"17":3,"18":2,"19":2,"20":1,"21":2,"22":2,"23":0,"24":2,"25":2,"26":3,"27":3,"28":3,"29":3,"30":3,"31":2,"32":5,"33":5,"34":5,"35":5,"36":5,"37":2,"38":8,"39":8,"40":8,"41":2,"42":2},"f":{"0":13,"1":13,"2":3,"3":3,"4":5,"5":8},"b":{"0":[0,13],"1":[0,13],"2":[1,12],"3":[2,1],"4":[1,1],"5":[0,2],"6":[8,0]},"_coverageSchema":"1a1c01bbd47fc00a2c39e90264f33305004495a9","hash":"5f5122cfb28c0ffaf224ef4c08ec23834481b225"}
,"C:\\Users\\Owner\\Desktop\\Software-Project-S22\\src\\routers\\auth.js": {"path":"C:\\Users\\Owner\\Desktop\\Software-Project-S22\\src\\routers\\auth.js","statementMap":{"0":{"start":{"line":1,"column":16},"end":{"line":1,"column":34}},"1":{"start":{"line":2,"column":13},"end":{"line":2,"column":40}},"2":{"start":{"line":3,"column":13},"end":{"line":3,"column":39}},"3":{"start":{"line":4,"column":14},"end":{"line":4,"column":40}},"4":{"start":{"line":5,"column":15},"end":{"line":5,"column":35}},"5":{"start":{"line":6,"column":23},"end":{"line":6,"column":49}},"6":{"start":{"line":8,"column":0},"end":{"line":17,"column":5}},"7":{"start":{"line":9,"column":17},"end":{"line":9,"column":35}},"8":{"start":{"line":10,"column":4},"end":{"line":16,"column":5}},"9":{"start":{"line":11,"column":6},"end":{"line":11,"column":24}},"10":{"start":{"line":12,"column":20},"end":{"line":12,"column":50}},"11":{"start":{"line":13,"column":6},"end":{"line":13,"column":30}},"12":{"start":{"line":15,"column":6},"end":{"line":15,"column":38}},"13":{"start":{"line":19,"column":2},"end":{"line":31,"column":5}},"14":{"start":{"line":20,"column":4},"end":{"line":30,"column":5}},"15":{"start":{"line":21,"column":19},"end":{"line":24,"column":7}},"16":{"start":{"line":25,"column":20},"end":{"line":25,"column":50}},"17":{"start":{"line":26,"column":6},"end":{"line":26,"column":32}},"18":{"start":{"line":28,"column":6},"end":{"line":28,"column":21}},"19":{"start":{"line":29,"column":6},"end":{"line":29,"column":36}},"20":{"start":{"line":34,"column":2},"end":{"line":45,"column":4}},"21":{"start":{"line":35,"column":6},"end":{"line":44,"column":7}},"22":{"start":{"line":36,"column":23},"end":{"line":36,"column":67}},"23":{"start":{"line":37,"column":8},"end":{"line":37,"column":43}},"24":{"start":{"line":39,"column":6},"end":{"line":39,"column":36}},"25":{"start":{"line":43,"column":6},"end":{"line":43,"column":36}},"26":{"start":{"line":47,"column":2},"end":{"line":60,"column":4}},"27":{"start":{"line":48,"column":6},"end":{"line":59,"column":5}},"28":{"start":{"line":49,"column":23},"end":{"line":51,"column":8}},"29":{"start":{"line":52,"column":8},"end":{"line":52,"column":43}},"30":{"start":{"line":54,"column":6},"end":{"line":54,"column":36}},"31":{"start":{"line":58,"column":6},"end":{"line":58,"column":36}},"32":{"start":{"line":69,"column":2},"end":{"line":69,"column":25}}},"fnMap":{"0":{"name":"(anonymous_0)","decl":{"start":{"line":8,"column":23},"end":{"line":8,"column":24}},"loc":{"start":{"line":8,"column":43},"end":{"line":17,"column":3}},"line":8},"1":{"name":"(anonymous_1)","decl":{"start":{"line":19,"column":24},"end":{"line":19,"column":25}},"loc":{"start":{"line":19,"column":44},"end":{"line":31,"column":3}},"line":19},"2":{"name":"(anonymous_2)","decl":{"start":{"line":34,"column":34},"end":{"line":34,"column":35}},"loc":{"start":{"line":34,"column":54},"end":{"line":45,"column":3}},"line":34},"3":{"name":"(anonymous_3)","decl":{"start":{"line":47,"column":37},"end":{"line":47,"column":38}},"loc":{"start":{"line":47,"column":57},"end":{"line":60,"column":3}},"line":47}},"branchMap":{},"s":{"0":2,"1":2,"2":2,"3":2,"4":2,"5":2,"6":2,"7":8,"8":8,"9":8,"10":1,"11":1,"12":7,"13":2,"14":3,"15":3,"16":2,"17":2,"18":1,"19":1,"20":2,"21":1,"22":1,"23":1,"24":1,"25":0,"26":2,"27":1,"28":1,"29":1,"30":1,"31":0,"32":2},"f":{"0":8,"1":3,"2":1,"3":1},"b":{},"_coverageSchema":"1a1c01bbd47fc00a2c39e90264f33305004495a9","hash":"e2eb92e794e485ff1447d13f53da7d74a389a626"}
}
