TN:
SF:src\unittest.js
FNF:0
FNH:0
DA:1,2
DA:2,2
DA:5,2
DA:7,2
DA:8,2
DA:9,2
DA:10,2
DA:11,2
LF:8
LH:8
BRF:0
BRH:0
end_of_record
TN:
SF:src\db\mongoose.js
FNF:0
FNH:0
DA:1,2
DA:3,2
DA:4,2
DA:5,2
LF:4
LH:4
BRF:0
BRH:0
end_of_record
TN:
SF:src\midlware\auth.js
FN:5,(anonymous_0)
FNF:1
FNH:1
FNDA:2,(anonymous_0)
DA:1,2
DA:2,2
DA:5,2
DA:6,2
DA:8,2
DA:9,2
DA:10,2
DA:11,2
DA:12,0
DA:14,2
DA:15,2
DA:16,2
DA:18,0
DA:22,2
LF:14
LH:12
BRDA:11,0,0,0
BRDA:11,0,1,2
BRF:2
BRH:1
end_of_record
TN:
SF:src\models\token.js
FNF:0
FNH:0
DA:1,2
DA:3,2
DA:19,2
DA:21,2
LF:4
LH:4
BRF:0
BRH:0
end_of_record
TN:
SF:src\models\users.js
FN:12,(anonymous_0)
FN:54,(anonymous_1)
FN:121,(anonymous_2)
FN:136,(anonymous_3)
FN:146,(anonymous_4)
FN:155,(anonymous_5)
FNF:6
FNH:6
FNDA:13,(anonymous_0)
FNDA:13,(anonymous_1)
FNDA:3,(anonymous_2)
FNDA:3,(anonymous_3)
FNDA:5,(anonymous_4)
FNDA:8,(anonymous_5)
DA:1,2
DA:2,2
DA:3,2
DA:4,2
DA:5,2
DA:6,2
DA:7,2
DA:13,13
DA:14,0
DA:16,13
DA:17,0
DA:55,13
DA:56,1
DA:111,2
DA:116,2
DA:121,2
DA:122,3
DA:123,3
DA:124,2
DA:125,2
DA:126,1
DA:128,2
DA:129,2
DA:130,0
DA:132,2
DA:136,2
DA:137,3
DA:138,3
DA:139,3
DA:140,3
DA:142,3
DA:146,2
DA:147,5
DA:148,5
DA:149,5
DA:150,5
DA:151,5
DA:155,2
DA:156,8
DA:157,8
DA:158,8
DA:164,2
DA:166,2
LF:43
LH:40
BRDA:13,0,0,0
BRDA:13,0,1,13
BRDA:16,1,0,0
BRDA:16,1,1,13
BRDA:55,2,0,1
BRDA:55,2,1,12
BRDA:123,3,0,2
BRDA:123,3,1,1
BRDA:125,4,0,1
BRDA:125,4,1,1
BRDA:129,5,0,0
BRDA:129,5,1,2
BRDA:157,6,0,8
BRDA:157,6,1,0
BRF:14
BRH:10
end_of_record
TN:
SF:src\routers\auth.js
FN:8,(anonymous_0)
FN:19,(anonymous_1)
FN:34,(anonymous_2)
FN:47,(anonymous_3)
FNF:4
FNH:4
FNDA:8,(anonymous_0)
FNDA:3,(anonymous_1)
FNDA:1,(anonymous_2)
FNDA:1,(anonymous_3)
DA:1,2
DA:2,2
DA:3,2
DA:4,2
DA:5,2
DA:6,2
DA:8,2
DA:9,8
DA:10,8
DA:11,8
DA:12,1
DA:13,1
DA:15,7
DA:19,2
DA:20,3
DA:21,3
DA:25,2
DA:26,2
DA:28,1
DA:29,1
DA:34,2
DA:35,1
DA:36,1
DA:37,1
DA:39,1
DA:43,0
DA:47,2
DA:48,1
DA:49,1
DA:52,1
DA:54,1
DA:58,0
DA:69,2
LF:33
LH:31
BRF:0
BRH:0
end_of_record
