TN:
SF:src\unittest.js
FNF:0
FNH:0
DA:1,2
DA:2,2
DA:5,2
DA:7,2
DA:8,2
DA:9,2
DA:10,2
DA:11,2
LF:8
LH:8
BRF:0
BRH:0
end_of_record
TN:
SF:src\db\mongoose.js
FNF:0
FNH:0
DA:1,2
DA:3,2
DA:4,2
DA:5,2
LF:4
LH:4
BRF:0
BRH:0
end_of_record
TN:
SF:src\midlware\auth.js
FN:5,(anonymous_0)
FNF:1
FNH:1
FNDA:2,(anonymous_0)
DA:1,2
DA:2,2
DA:5,2
DA:6,2
DA:8,2
DA:9,2
DA:10,2
DA:11,2
DA:12,0
DA:14,2
DA:15,2
DA:16,2
DA:18,0
DA:22,2
LF:14
LH:12
BRDA:11,0,0,0
BRDA:11,0,1,2
BRF:2
BRH:1
end_of_record
TN:
SF:src\models\token.js
FNF:0
FNH:0
DA:1,2
DA:3,2
DA:19,2
DA:21,2
LF:4
LH:4
BRF:0
BRH:0
end_of_record
TN:
SF:src\models\users.js
FN:12,(anonymous_0)
FN:54,(anonymous_1)
FN:121,(anonymous_2)
FN:134,(anonymous_3)
FN:144,(anonymous_4)
FN:153,(anonymous_5)
FNF:6
FNH:6
FNDA:12,(anonymous_0)
FNDA:12,(anonymous_1)
FNDA:2,(anonymous_2)
FNDA:2,(anonymous_3)
FNDA:4,(anonymous_4)
FNDA:7,(anonymous_5)
DA:1,2
DA:2,2
DA:3,2
DA:4,2
DA:5,2
DA:6,2
DA:7,2
DA:13,12
DA:14,0
DA:16,12
DA:17,0
DA:55,12
DA:56,1
DA:111,2
DA:116,2
DA:121,2
DA:122,2
DA:123,2
DA:124,0
DA:126,2
DA:127,2
DA:128,1
DA:130,1
DA:134,2
DA:135,2
DA:136,2
DA:137,2
DA:138,2
DA:140,2
DA:144,2
DA:145,4
DA:146,4
DA:147,4
DA:148,4
DA:149,4
DA:153,2
DA:154,7
DA:155,7
DA:156,7
DA:162,2
DA:164,2
LF:41
LH:38
BRDA:13,0,0,0
BRDA:13,0,1,12
BRDA:16,1,0,0
BRDA:16,1,1,12
BRDA:55,2,0,1
BRDA:55,2,1,11
BRDA:123,3,0,0
BRDA:123,3,1,2
BRDA:127,4,0,1
BRDA:127,4,1,1
BRDA:155,5,0,7
BRDA:155,5,1,0
BRF:12
BRH:8
end_of_record
TN:
SF:src\routers\auth.js
FN:8,(anonymous_0)
FN:19,(anonymous_1)
FN:33,(anonymous_2)
FN:46,(anonymous_3)
FNF:4
FNH:4
FNDA:8,(anonymous_0)
FNDA:2,(anonymous_1)
FNDA:1,(anonymous_2)
FNDA:1,(anonymous_3)
DA:1,2
DA:2,2
DA:3,2
DA:4,2
DA:5,2
DA:6,2
DA:8,2
DA:9,8
DA:10,8
DA:11,8
DA:12,1
DA:13,1
DA:15,7
DA:19,2
DA:20,2
DA:21,2
DA:25,1
DA:26,1
DA:28,1
DA:33,2
DA:34,1
DA:35,1
DA:36,1
DA:38,1
DA:42,0
DA:46,2
DA:47,1
DA:48,1
DA:51,1
DA:53,1
DA:57,0
DA:68,2
LF:32
LH:30
BRF:0
BRH:0
end_of_record
